2025-02-21 15:12:34 [ERROR]: ERROR: Khoa không tìm thấy.
2025-02-21 15:14:29 [ERROR]: ERROR: Khoa không tìm thấy.
2025-02-21 15:15:22 [ERROR]: ERROR: Khoa không tìm thấy.
2025-02-21 15:16:42 [ERROR]: ERROR: Khoa không tìm thấy.
2025-02-21 15:19:36 [ERROR]: ERROR: Khoa không tìm thấy.
2025-02-25 15:52:55 [ERROR]: ERROR: Email không hợp lệ: khavinhthuan114@gmail.com
2025-02-25 16:06:07 [ERROR]: ERROR: Trạng thái chuyển đổi không hợp lệ từ Đang học sang Đang học
2025-02-25 16:06:18 [ERROR]: ERROR: Trạng thái chuyển đổi không hợp lệ từ Đang học sang Đang học
2025-02-25 16:07:59 [ERROR]: ERROR: Trạng thái chuyển đổi không hợp lệ từ Đang học sang Đang học
2025-02-25 16:10:59 [ERROR]: ERROR: Trạng thái chuyển đổi không hợp lệ từ Đang học sang Đang học
2025-02-25 16:11:14 [ERROR]: ERROR: Trạng thái chuyển đổi không hợp lệ từ Đã thôi học sang Đã thôi học
2025-02-25 16:12:15 [ERROR]: ERROR: Trạng thái chuyển đổi không hợp lệ từ Đã thôi học sang Đã thôi học
2025-02-25 16:12:31 [ERROR]: ERROR: Trạng thái chuyển đổi không hợp lệ từ Đã tốt nghiệp sang Đã tốt nghiệp
2025-02-25 16:12:50 [ERROR]: ERROR: Trạng thái chuyển đổi không hợp lệ từ Đã thôi học sang Đã thôi học
2025-02-25 19:08:20 [ERROR]: ERROR: Thông tin sinh viên không hợp lệ.
2025-02-25 19:14:19 [ERROR]: ERROR: Email không hợp lệ: fitu398@gmail.com
2025-02-25 19:16:16 [ERROR]: ERROR: Email không hợp lệ: khavinhthuan114@student.hcmus.edu.vn
2025-02-25 19:18:39 [ERROR]: ERROR: Số điện thoại không hợp lệ: 0456978965
2025-02-25 19:22:44 [ERROR]: ERROR: Số điện thoại không hợp lệ: 0498756898
2025-02-25 19:23:01 [ERROR]: ERROR: Số điện thoại không hợp lệ: 0498756898
2025-02-25 19:28:21 [ERROR]: ERROR: Email không hợp lệ: fitus17458@gmail.com
2025-02-25 22:37:09 [ERROR]: ERROR: Thông tin sinh viên không hợp lệ.
2025-02-25 22:37:09 [ERROR]: ERROR: Thông tin sinh viên không hợp lệ.
2025-02-25 22:37:09 [ERROR]: ERROR: MSSV 22127408 đã tồn tại.
2025-02-25 22:37:09 [ERROR]: ERROR: Không thể đọc dữ liệu sinh viên.
2025-02-25 22:37:09 [ERROR]: ERROR: Không thể lưu dữ liệu.
2025-02-25 22:38:34 [ERROR]: ERROR: Thông tin sinh viên không hợp lệ.
2025-02-25 22:38:34 [ERROR]: ERROR: Thông tin sinh viên không hợp lệ.
2025-02-25 22:38:34 [ERROR]: ERROR: Không thể đọc dữ liệu sinh viên.
2025-02-25 22:38:34 [ERROR]: ERROR: Không thể lưu dữ liệu.
2025-02-25 22:41:44 [ERROR]: ERROR: Email không hợp lệ: nguyenmaithit@gmail.com
2025-02-25 22:41:44 [ERROR]: ERROR: Thông tin sinh viên không hợp lệ.
2025-02-25 22:41:44 [ERROR]: ERROR: Thông tin sinh viên không hợp lệ.
2025-02-25 22:41:44 [ERROR]: ERROR: Email không hợp lệ: nguyenmaithit@gmail.com
2025-02-25 22:41:44 [ERROR]: ERROR: Email không hợp lệ: nguyenmaithit@gmail.com
2025-02-25 22:41:44 [ERROR]: ERROR: Email không hợp lệ: nguyenmaithit@gmail.com
2025-02-25 22:41:44 [ERROR]: ERROR: Email không hợp lệ: nguyenmaithit@gmail.com
2025-02-25 22:42:30 [ERROR]: ERROR: Thông tin sinh viên không hợp lệ.
2025-02-25 22:42:30 [ERROR]: ERROR: Thông tin sinh viên không hợp lệ.
2025-02-25 22:42:30 [ERROR]: ERROR: Không thể đọc dữ liệu sinh viên.
2025-02-25 22:42:30 [ERROR]: ERROR: Không thể lưu dữ liệu.
2025-02-25 22:44:06 [ERROR]: ERROR: Thông tin sinh viên không hợp lệ.
2025-02-25 22:44:06 [ERROR]: ERROR: Thông tin sinh viên không hợp lệ.
2025-02-25 22:44:06 [ERROR]: ERROR: Không thể đọc dữ liệu sinh viên.
2025-02-25 22:44:06 [ERROR]: ERROR: Không thể lưu dữ liệu.
2025-02-25 22:44:16 [ERROR]: ERROR: Thông tin sinh viên không hợp lệ.
2025-02-25 22:44:16 [ERROR]: ERROR: Thông tin sinh viên không hợp lệ.
2025-02-25 22:44:16 [ERROR]: ERROR: Không thể đọc dữ liệu sinh viên.
2025-02-25 22:44:16 [ERROR]: ERROR: Không thể lưu dữ liệu.
2025-02-25 22:45:46 [ERROR]: ERROR: Thông tin sinh viên không hợp lệ.
2025-02-25 22:45:46 [ERROR]: ERROR: Thông tin sinh viên không hợp lệ.
2025-02-25 22:45:46 [ERROR]: ERROR: Không thể đọc dữ liệu sinh viên.
2025-02-25 22:45:47 [ERROR]: ERROR: Không thể lưu dữ liệu.
2025-02-25 22:46:47 [ERROR]: ERROR: Thông tin sinh viên không hợp lệ.
2025-02-25 22:46:47 [ERROR]: ERROR: Thông tin sinh viên không hợp lệ.
2025-02-25 22:46:47 [ERROR]: ERROR: Không thể đọc dữ liệu sinh viên.
2025-02-25 22:46:47 [ERROR]: ERROR: Không thể lưu dữ liệu.
2025-02-25 22:48:09 [ERROR]: ERROR: Thông tin sinh viên không hợp lệ.
2025-02-25 22:48:09 [ERROR]: ERROR: Thông tin sinh viên không hợp lệ.
2025-02-25 22:48:10 [ERROR]: ERROR: MSSV 21578152 đã tồn tại.
2025-02-25 22:48:10 [ERROR]: ERROR: Không thể đọc dữ liệu sinh viên.
2025-02-25 22:48:10 [ERROR]: ERROR: Không thể lưu dữ liệu.
2025-02-25 22:49:42 [ERROR]: ERROR: Thông tin sinh viên không hợp lệ.
2025-02-25 22:49:42 [ERROR]: ERROR: Thông tin sinh viên không hợp lệ.
2025-02-25 22:49:42 [ERROR]: ERROR: MSSV 21578152 đã tồn tại.
2025-02-25 22:49:42 [ERROR]: ERROR: Không thể đọc dữ liệu sinh viên.
2025-02-25 22:49:42 [ERROR]: ERROR: Không thể lưu dữ liệu.
2025-02-25 22:51:08 [ERROR]: ERROR: Email không hợp lệ: khavinhthuan114@gmail.com
2025-02-25 22:51:08 [ERROR]: ERROR: Số điện thoại không hợp lệ: 0498675231
2025-02-25 22:51:08 [ERROR]: ERROR: MSSV 21578152 đã tồn tại.
2025-02-25 22:51:08 [ERROR]: ERROR: Không thể đọc dữ liệu sinh viên.
2025-02-25 22:51:08 [ERROR]: ERROR: Không thể lưu dữ liệu.
2025-02-25 22:52:33 [ERROR]: ERROR: Email không hợp lệ: khavinhthuan114@gmail.com
2025-02-25 22:52:33 [ERROR]: ERROR: Số điện thoại không hợp lệ: 0498675231
2025-02-25 22:52:33 [ERROR]: ERROR: MSSV 21578152 đã tồn tại.
2025-02-25 22:52:33 [ERROR]: ERROR: Không thể đọc dữ liệu sinh viên.
2025-02-25 22:52:33 [ERROR]: ERROR: Không thể lưu dữ liệu.
2025-02-25 22:52:57 [ERROR]: ERROR: Email không hợp lệ: khavinhthuan114@gmail.com
2025-02-25 22:52:57 [ERROR]: ERROR: Số điện thoại không hợp lệ: 0498675231
2025-02-25 22:52:57 [ERROR]: ERROR: MSSV 21578152 đã tồn tại.
2025-02-25 22:52:57 [ERROR]: ERROR: Không thể đọc dữ liệu sinh viên.
2025-02-25 22:52:57 [ERROR]: ERROR: Không thể lưu dữ liệu.
2025-02-25 23:16:03 [ERROR]: ERROR: Không thể đọc dữ liệu sinh viên.
2025-02-25 23:16:34 [ERROR]: ERROR: Không thể đọc dữ liệu sinh viên.
2025-02-25 23:18:31 [ERROR]: ERROR: Không thể đọc dữ liệu sinh viên.
2025-02-25 23:21:08 [ERROR]: ERROR: Không thể đọc dữ liệu sinh viên.
2025-02-25 23:21:52 [ERROR]: ERROR: Không thể đọc dữ liệu sinh viên.
2025-02-25 23:22:17 [ERROR]: ERROR: Không thể đọc dữ liệu sinh viên.
2025-02-25 23:22:38 [ERROR]: ERROR: Không thể đọc dữ liệu sinh viên.
2025-02-25 23:23:32 [ERROR]: ERROR: Không thể đọc dữ liệu sinh viên.
2025-02-25 23:26:28 [ERROR]: ERROR: Không thể đọc dữ liệu sinh viên.
2025-02-25 23:27:20 [ERROR]: ERROR: Không thể đọc dữ liệu sinh viên.
2025-02-25 23:28:40 [ERROR]: ERROR: Không thể đọc dữ liệu sinh viên.
2025-02-25 23:29:23 [ERROR]: ERROR: Không thể đọc dữ liệu sinh viên.
2025-02-25 23:30:05 [ERROR]: ERROR: Không thể đọc dữ liệu sinh viên.
2025-02-25 23:34:58 [ERROR]: ERROR: Không thể đọc dữ liệu sinh viên.
2025-02-25 23:41:11 [ERROR]: ERROR: Không thể đọc dữ liệu sinh viên.
2025-02-25 23:41:54 [ERROR]: ERROR: Không thể đọc dữ liệu sinh viên.
2025-02-25 23:42:31 [ERROR]: ERROR: Không thể đọc dữ liệu sinh viên.
2025-02-25 23:43:32 [ERROR]: ERROR: Không thể đọc dữ liệu sinh viên.
2025-02-25 23:43:36 [ERROR]: ERROR: Không thể đọc dữ liệu sinh viên.
2025-02-25 23:43:49 [ERROR]: ERROR: Không thể đọc dữ liệu sinh viên.
2025-02-25 23:44:32 [ERROR]: ERROR: Không thể đọc dữ liệu sinh viên.
2025-02-25 23:45:59 [ERROR]: ERROR: Không thể đọc dữ liệu sinh viên.
2025-02-25 23:46:40 [ERROR]: ERROR: Không thể đọc dữ liệu sinh viên.
2025-02-25 23:48:20 [ERROR]: ERROR: Không thể đọc dữ liệu sinh viên.
2025-02-25 23:49:10 [ERROR]: ERROR: Không thể đọc dữ liệu sinh viên.
2025-02-25 23:49:50 [ERROR]: ERROR: Không thể đọc dữ liệu sinh viên.
2025-02-25 23:50:16 [ERROR]: ERROR: Không thể đọc dữ liệu sinh viên.
2025-02-25 23:50:33 [ERROR]: ERROR: Không thể đọc dữ liệu sinh viên.
2025-02-25 23:50:47 [ERROR]: ERROR: Không thể đọc dữ liệu sinh viên.
2025-02-25 23:51:03 [ERROR]: ERROR: Không thể đọc dữ liệu sinh viên.
2025-02-25 23:53:22 [ERROR]: ERROR: Không thể đọc dữ liệu sinh viên.
2025-02-25 23:55:59 [ERROR]: ERROR: Không thể đọc dữ liệu sinh viên.
2025-02-26 00:12:45 [ERROR]: ERROR: Không thể đọc dữ liệu sinh viên.
2025-02-26 01:02:59 [ERROR]: ERROR: Không thể đọc dữ liệu sinh viên.
2025-02-26 01:04:29 [ERROR]: ERROR: Không thể đọc dữ liệu sinh viên.
2025-02-26 01:04:42 [ERROR]: ERROR: Không thể đọc dữ liệu sinh viên.
2025-02-26 01:04:55 [ERROR]: ERROR: Không thể đọc dữ liệu sinh viên.
2025-02-26 01:08:18 [ERROR]: ERROR: Không thể đọc dữ liệu sinh viên.
2025-02-26 01:08:34 [ERROR]: ERROR: Không thể đọc dữ liệu sinh viên.
2025-02-26 01:10:04 [ERROR]: ERROR: Không thể đọc dữ liệu sinh viên.
2025-02-26 01:10:17 [ERROR]: ERROR: Không thể đọc dữ liệu sinh viên.
2025-02-26 01:10:50 [ERROR]: ERROR: Không thể đọc dữ liệu sinh viên.
2025-02-26 01:11:11 [ERROR]: ERROR: Không thể đọc dữ liệu sinh viên.
2025-02-26 01:11:32 [ERROR]: ERROR: Không thể đọc dữ liệu sinh viên.
2025-02-26 01:11:41 [ERROR]: ERROR: Không thể đọc dữ liệu sinh viên.
2025-02-26 01:12:06 [ERROR]: ERROR: Không thể đọc dữ liệu sinh viên.
2025-02-26 01:12:14 [ERROR]: ERROR: Không thể đọc dữ liệu sinh viên.
2025-02-26 01:13:17 [ERROR]: ERROR: Không thể đọc dữ liệu sinh viên.
2025-02-26 01:13:30 [ERROR]: ERROR: Không thể đọc dữ liệu sinh viên.
2025-02-26 01:13:43 [ERROR]: ERROR: Không thể đọc dữ liệu sinh viên.
2025-02-26 01:14:06 [ERROR]: ERROR: Không thể đọc dữ liệu sinh viên.
2025-02-26 01:14:20 [ERROR]: ERROR: Không thể đọc dữ liệu sinh viên.
2025-02-26 01:14:32 [ERROR]: ERROR: Không thể đọc dữ liệu sinh viên.
2025-02-26 01:14:46 [ERROR]: ERROR: Không thể đọc dữ liệu sinh viên.
2025-02-26 01:14:56 [ERROR]: ERROR: Không thể đọc dữ liệu sinh viên.
2025-02-26 01:15:06 [ERROR]: ERROR: Không thể đọc dữ liệu sinh viên.
2025-02-26 01:25:30 [ERROR]: ERROR: Không thể đọc dữ liệu sinh viên.
2025-02-26 01:25:30 [ERROR]: ERROR: Email không hợp lệ: khavinhthuan114@gmail.com
2025-02-26 01:25:30 [ERROR]: ERROR: Số điện thoại không hợp lệ: 0498675231
2025-02-26 01:25:30 [ERROR]: ERROR: MSSV 21578152 đã tồn tại.
2025-02-26 01:25:30 [ERROR]: ERROR: Không thể đọc dữ liệu sinh viên.
2025-02-26 01:25:30 [ERROR]: ERROR: Không thể lưu dữ liệu.
2025-02-26 01:32:03 [ERROR]: ERROR: Email không hợp lệ: invalidemail@domain.com
2025-02-26 01:32:03 [ERROR]: ERROR: Số điện thoại không hợp lệ: 123456789
2025-02-26 01:32:03 [ERROR]: ERROR: Không thể đọc dữ liệu sinh viên.
2025-02-26 01:32:03 [ERROR]: ERROR: Không thể lưu dữ liệu sau khi cập nhật.
2025-02-26 01:34:01 [ERROR]: ERROR: Email không hợp lệ: invalidemail@domain.com
2025-02-26 01:34:01 [ERROR]: ERROR: Số điện thoại không hợp lệ: 123456789
2025-02-26 01:34:01 [ERROR]: ERROR: Không thể đọc dữ liệu sinh viên.
2025-02-26 01:34:01 [ERROR]: ERROR: Không thể lưu dữ liệu sau khi cập nhật.
2025-02-26 01:34:28 [ERROR]: ERROR: Email không hợp lệ: invalidemail@gmail.com
2025-02-26 01:34:28 [ERROR]: ERROR: Số điện thoại không hợp lệ: 123456789
2025-02-26 01:34:28 [ERROR]: ERROR: Không thể đọc dữ liệu sinh viên.
2025-02-26 01:34:28 [ERROR]: ERROR: Không thể lưu dữ liệu sau khi cập nhật.
2025-02-26 01:35:17 [ERROR]: ERROR: Email không hợp lệ: khavinhthuan114@gmail.com
2025-02-26 01:35:17 [ERROR]: ERROR: Không thể đọc dữ liệu sinh viên.
2025-02-26 01:35:17 [ERROR]: ERROR: Không thể lưu dữ liệu sau khi cập nhật.
2025-02-26 01:35:35 [ERROR]: ERROR: Email không hợp lệ: khavinhthuan114@gmail.com
2025-02-26 01:35:35 [ERROR]: ERROR: Không thể đọc dữ liệu sinh viên.
2025-02-26 01:35:35 [ERROR]: ERROR: Không thể lưu dữ liệu sau khi cập nhật.
2025-02-26 01:35:51 [ERROR]: ERROR: Email không hợp lệ: khavinhthuan114@gmail.com
2025-02-26 01:35:51 [ERROR]: ERROR: Không thể đọc dữ liệu sinh viên.
2025-02-26 01:35:51 [ERROR]: ERROR: Không thể lưu dữ liệu sau khi cập nhật.
2025-02-26 01:37:54 [ERROR]: ERROR: Email không hợp lệ: khavinhthuan114@gmail.com
2025-02-26 01:37:54 [ERROR]: ERROR: Số điện thoại không hợp lệ: 0444754145
2025-02-26 01:37:54 [ERROR]: ERROR: Không thể đọc dữ liệu sinh viên.
2025-02-26 01:37:54 [ERROR]: ERROR: Không thể lưu dữ liệu sau khi cập nhật.
2025-02-26 01:38:20 [ERROR]: ERROR: Email không hợp lệ: khavinhthuan114@gmail.com
2025-02-26 01:38:20 [ERROR]: ERROR: Số điện thoại không hợp lệ: 0444754145
2025-02-26 01:38:20 [ERROR]: ERROR: Không thể đọc dữ liệu sinh viên.
2025-02-26 01:38:20 [ERROR]: ERROR: Không thể lưu dữ liệu sau khi cập nhật.
2025-02-26 01:38:29 [ERROR]: ERROR: Email không hợp lệ: khavinhthuan114@gmail.com
2025-02-26 01:38:29 [ERROR]: ERROR: Số điện thoại không hợp lệ: 0444754145
2025-02-26 01:38:29 [ERROR]: ERROR: Không thể đọc dữ liệu sinh viên.
2025-02-26 01:38:29 [ERROR]: ERROR: Không thể lưu dữ liệu sau khi cập nhật.
2025-02-26 01:38:54 [ERROR]: ERROR: Email không hợp lệ: khavinhthuan114@gmail.com
2025-02-26 01:38:54 [ERROR]: ERROR: Số điện thoại không hợp lệ: 0444754145
2025-02-26 01:38:54 [ERROR]: ERROR: Không thể đọc dữ liệu sinh viên.
2025-02-26 01:38:54 [ERROR]: ERROR: Không thể lưu dữ liệu sau khi cập nhật.
2025-02-26 01:39:10 [ERROR]: ERROR: Email không hợp lệ: khavinhthuan114@gmail.com
2025-02-26 01:39:10 [ERROR]: ERROR: Số điện thoại không hợp lệ: 0444754145
2025-02-26 01:39:10 [ERROR]: ERROR: Không thể đọc dữ liệu sinh viên.
2025-02-26 01:39:10 [ERROR]: ERROR: Không thể lưu dữ liệu sau khi cập nhật.
2025-02-26 16:15:55 [ERROR]: ERROR: Không thể đọc dữ liệu sinh viên.
2025-02-26 16:16:57 [ERROR]: ERROR: Không thể đọc dữ liệu sinh viên.
2025-02-26 16:16:57 [ERROR]: ERROR: Email không hợp lệ: khavinhthuan114@gmail.com
2025-02-26 16:16:57 [ERROR]: ERROR: Số điện thoại không hợp lệ: 0498675231
2025-02-26 16:16:57 [ERROR]: ERROR: MSSV 21578152 đã tồn tại.
2025-02-26 16:16:57 [ERROR]: ERROR: Không thể đọc dữ liệu sinh viên.
2025-02-26 16:16:57 [ERROR]: ERROR: Không thể lưu dữ liệu.
2025-02-26 16:17:45 [ERROR]: ERROR: Email không hợp lệ: khavinhthuan114@gmail.com
2025-02-26 16:17:45 [ERROR]: ERROR: Số điện thoại không hợp lệ: 0444754145
2025-02-26 16:17:45 [ERROR]: ERROR: Không thể đọc dữ liệu sinh viên.
2025-02-26 16:17:45 [ERROR]: ERROR: Không thể lưu dữ liệu sau khi cập nhật.
2025-03-11 17:09:16 [ERROR]: ERROR: Số điện thoại không hợp lệ: 0456978663
2025-03-11 17:11:05 [ERROR]: ERROR: Email không hợp lệ: fggg1@gmail.com
2025-03-11 17:14:04 [ERROR]: ERROR: Email không hợp lệ: fitus458@gmail.com
2025-03-11 17:17:11 [ERROR]: ERROR: Không thể đọc file dữ liệu sinh viên: Error: ENOENT: no such file or directory, open 'D:\HK8\TKPM\KTLT\back-end\students.json'
2025-03-11 17:17:11 [ERROR]: ERROR: Không thể đọc dữ liệu sinh viên.
2025-03-11 17:20:28 [ERROR]: ERROR: Số điện thoại không hợp lệ: 0457526984
2025-03-11 17:20:38 [ERROR]: ERROR: MSSV 22127408 đã tồn tại.
2025-03-14 19:46:28 [ERROR]: ERROR: Không thể đọc file dữ liệu sinh viên: Error: ENOENT: no such file or directory, open 'D:\HK8\TKPM\KTLT\students.json'
2025-03-14 19:46:28 [ERROR]: Không thể đọc dữ liệu sinh viên.
2025-03-14 19:49:00 [ERROR]: ERROR: Không thể đọc dữ liệu.
2025-03-14 19:54:26 [ERROR]: ERROR: Không thể đọc dữ liệu.
2025-03-14 19:54:26 [ERROR]: ERROR: Không thể đọc dữ liệu.
2025-03-14 19:54:47 [ERROR]: ERROR: Không thể đọc file dữ liệu sinh viên: Error: ENOENT: no such file or directory, open 'D:\HK8\TKPM\KTLT\students.json'
2025-03-14 19:54:47 [ERROR]: Không thể đọc dữ liệu sinh viên.
2025-03-14 19:55:26 [ERROR]: ERROR: Không thể đọc dữ liệu.
2025-03-14 19:55:32 [ERROR]: ERROR: Không thể đọc dữ liệu.
2025-03-14 19:55:42 [ERROR]: ERROR: Không thể đọc dữ liệu.
2025-03-14 19:56:03 [ERROR]: ERROR: Không thể đọc dữ liệu.
2025-03-14 19:56:11 [ERROR]: ERROR: Không thể đọc dữ liệu.
2025-03-14 19:56:13 [ERROR]: ERROR: Không thể đọc dữ liệu.
2025-03-14 19:56:23 [ERROR]: ERROR: Không thể đọc dữ liệu.
2025-03-14 19:56:42 [ERROR]: ERROR: Không thể đọc dữ liệu.
2025-03-14 19:56:45 [ERROR]: ERROR: Không thể đọc dữ liệu.
2025-03-14 19:57:17 [ERROR]: ERROR: Không thể đọc dữ liệu.
2025-03-14 19:57:19 [ERROR]: ERROR: Không thể đọc dữ liệu.
2025-03-14 19:58:53 [ERROR]: ERROR: Không thể đọc dữ liệu.
2025-03-14 19:58:56 [ERROR]: ERROR: Không thể đọc dữ liệu.
2025-03-14 19:59:32 [ERROR]: ERROR: Không thể đọc dữ liệu.
2025-03-14 20:00:51 [ERROR]: ERROR: Không thể đọc dữ liệu.
2025-03-14 20:02:31 [ERROR]: ERROR: Không thể đọc dữ liệu.
2025-03-14 20:02:46 [ERROR]: ERROR: Không thể đọc dữ liệu.
2025-03-14 20:03:02 [ERROR]: ERROR: Không thể đọc dữ liệu.
2025-03-14 20:03:07 [ERROR]: ERROR: Không thể đọc dữ liệu.
2025-03-14 20:03:15 [ERROR]: ERROR: Không thể đọc dữ liệu.
2025-03-14 20:03:21 [ERROR]: ERROR: Không thể đọc dữ liệu1.
2025-03-14 20:03:21 [ERROR]: ERROR: Không thể đọc dữ liệu1.
2025-03-14 20:03:36 [ERROR]: ERROR: Không thể đọc dữ liệu1.
2025-03-14 20:03:53 [ERROR]: ERROR: Không thể đọc dữ liệu1.
2025-03-14 20:04:18 [ERROR]: ERROR: Không thể đọc dữ liệu1.
2025-03-14 20:04:40 [ERROR]: ERROR: Không thể đọc dữ liệu1.
2025-03-14 20:05:02 [ERROR]: ERROR: Không thể đọc dữ liệu1.
2025-03-14 20:05:14 [ERROR]: ERROR: Không thể đọc dữ liệu1.
2025-03-14 20:05:27 [ERROR]: ERROR: Không thể đọc dữ liệu1.
2025-03-14 20:05:29 [ERROR]: ERROR: Không thể đọc dữ liệu1.
2025-03-14 20:05:51 [ERROR]: ERROR: Không thể đọc dữ liệu1.
2025-03-14 20:06:11 [ERROR]: ERROR: Không thể đọc dữ liệu1.
2025-03-14 20:06:18 [ERROR]: ERROR: Không thể đọc dữ liệu1.
2025-03-14 20:11:23 [ERROR]: ERROR: Không thể đọc dữ liệu1.
2025-03-14 20:11:25 [ERROR]: ERROR: Không thể đọc dữ liệu1.
2025-03-14 20:11:27 [ERROR]: ERROR: Không thể đọc dữ liệu1.
2025-03-14 20:11:28 [ERROR]: ERROR: Không thể đọc dữ liệu1.
2025-03-14 20:11:29 [ERROR]: ERROR: Không thể đọc dữ liệu1.
2025-03-14 20:11:30 [ERROR]: ERROR: Không thể đọc dữ liệu1.
2025-03-14 20:11:31 [ERROR]: ERROR: Không thể đọc dữ liệu1.
2025-03-14 20:11:48 [ERROR]: ERROR: Không thể đọc dữ liệu1.
2025-03-14 20:12:01 [ERROR]: ERROR: Không thể đọc dữ liệu1.
2025-03-14 20:12:04 [ERROR]: ERROR: Không thể đọc dữ liệu1.
2025-03-14 20:12:07 [ERROR]: ERROR: Không thể đọc dữ liệu1.
2025-03-14 20:12:32 [ERROR]: ERROR: Không thể đọc dữ liệu.
2025-03-14 20:12:55 [ERROR]: ERROR: Không thể đọc dữ liệu.
2025-03-14 20:15:07 [ERROR]: ERROR: Không thể đọc dữ liệu.
2025-03-14 20:15:26 [ERROR]: ERROR: Không thể đọc dữ liệu.
2025-03-14 20:15:29 [ERROR]: ERROR: Không thể đọc dữ liệu.
2025-03-14 20:15:34 [ERROR]: ERROR: Không thể đọc dữ liệu.
2025-03-14 20:16:59 [ERROR]: ERROR: Không thể đọc dữ liệu.
2025-03-14 20:17:17 [ERROR]: ERROR: Không thể đọc dữ liệu.
2025-03-14 20:17:20 [ERROR]: ERROR: Không thể đọc dữ liệu.
2025-03-14 20:17:35 [ERROR]: ERROR: Không thể đọc dữ liệu.
2025-03-14 20:18:22 [ERROR]: ERROR: Không thể đọc dữ liệu.
2025-03-14 20:18:25 [ERROR]: ERROR: Không thể đọc dữ liệu.
2025-03-14 20:23:56 [ERROR]: ERROR: Không thể đọc file dữ liệu sinh viên: Error: ENOENT: no such file or directory, open 'D:\HK8\TKPM\KTLT\back-end\models\students.json'
2025-03-14 20:23:56 [ERROR]: Không thể đọc dữ liệu sinh viên.
2025-03-14 20:24:59 [ERROR]: ERROR: Không thể đọc file dữ liệu sinh viên: Error: ENOENT: no such file or directory, open 'D:\HK8\TKPM\KTLT\back-end\models\students.json'
2025-03-14 20:24:59 [ERROR]: Không thể đọc dữ liệu sinh viên.
2025-03-14 20:25:33 [ERROR]: ERROR: Không thể đọc file dữ liệu sinh viên: Error: ENOENT: no such file or directory, open 'D:\HK8\TKPM\KTLT\back-end\models\students.json'
2025-03-14 20:25:33 [ERROR]: Không thể đọc dữ liệu sinh viên.
